<?xml version="1.0" encoding="utf-8"?><testsuites name="pytest tests"><testsuite name="pytest" errors="0" failures="0" skipped="0" tests="19" time="3.251" timestamp="2026-03-17T19:44:28.852687+00:00" hostname="agent-env-26120289-85ab-487f-b933-157f4fbc381c"><testcase classname="backend.tests.test_referral_system.TestReferralValidation" name="test_validate_valid_member_referral_code" time="0.146" /><testcase classname="backend.tests.test_referral_system.TestReferralValidation" name="test_validate_invalid_referral_code" time="0.131" /><testcase classname="backend.tests.test_referral_system.TestReferralValidation" name="test_validate_employee_referral_code_format" time="0.115" /><testcase classname="backend.tests.test_referral_system.TestReferralValidation" name="test_validate_associate_referral_code_format" time="0.190" /><testcase classname="backend.tests.test_referral_system.TestReferralValidation" name="test_validate_missing_referral_code_param" time="0.119" /><testcase classname="backend.tests.test_referral_system.TestReferralValidation" name="test_validate_empty_referral_code" time="0.377" /><testcase classname="backend.tests.test_referral_system.TestAdminReferralsDashboard" name="test_admin_referrals_requires_auth" time="0.128" /><testcase classname="backend.tests.test_referral_system.TestAdminReferralsDashboard" name="test_admin_referrals_with_valid_auth" time="0.545" /><testcase classname="backend.tests.test_referral_system.TestAdminReferralsDashboard" name="test_admin_referrals_pagination" time="0.127" /><testcase classname="backend.tests.test_referral_system.TestAdminReferralsDashboard" name="test_admin_referrals_filter_by_type_employee" time="0.115" /><testcase classname="backend.tests.test_referral_system.TestAdminReferralsDashboard" name="test_admin_referrals_filter_by_type_member" time="0.111" /><testcase classname="backend.tests.test_referral_system.TestAdminReferralsDashboard" name="test_admin_referrals_search" time="0.119" /><testcase classname="backend.tests.test_referral_system.TestMemberReferralStats" name="test_member_referral_stats_requires_auth" time="0.141" /><testcase classname="backend.tests.test_referral_system.TestMemberReferralStats" name="test_member_referral_stats_with_valid_member" time="0.162" /><testcase classname="backend.tests.test_referral_system.TestMemberReferralStats" name="test_member_referral_stats_nonexistent_member" time="0.114" /><testcase classname="backend.tests.test_referral_system.TestMemberReferralStats" name="test_member_referral_stats_numeric_values" time="0.191" /><testcase classname="backend.tests.test_referral_system.TestReferralRewardCreation" name="test_create_referral_reward_requires_auth" time="0.112" /><testcase classname="backend.tests.test_referral_system.TestReferralRewardCreation" name="test_create_referral_reward_with_auth" time="0.142" /><testcase classname="backend.tests.test_referral_system.TestReferralLinkGeneration" name="test_referral_link_in_member_stats" time="0.112" /></testsuite></testsuites>