<?xml version="1.0" encoding="utf-8"?><testsuites name="pytest tests"><testsuite name="pytest" errors="0" failures="0" skipped="0" tests="26" time="8.574" timestamp="2026-03-14T13:22:22.550483+00:00" hostname="agent-env-d12f68f6-0b84-4dd6-a1cc-010c5852dc6e"><testcase classname="backend.tests.test_marketing.TestMarketingLeadStep1" name="test_create_marketing_lead_success" time="0.131" /><testcase classname="backend.tests.test_marketing.TestMarketingLeadStep1" name="test_create_marketing_lead_minimal" time="0.108" /><testcase classname="backend.tests.test_marketing.TestMarketingLeadStep1" name="test_create_marketing_lead_duplicate_mobile_returns_existing" time="0.206" /><testcase classname="backend.tests.test_marketing.TestMarketingLeadStep1" name="test_create_marketing_lead_registered_mobile_fails" time="0.100" /><testcase classname="backend.tests.test_marketing.TestMarketingLeadStep1" name="test_create_marketing_lead_with_referral_code" time="0.113" /><testcase classname="backend.tests.test_marketing.TestMarketingLeadStep2" name="test_marketing_lead_step2_success" time="0.852" /><testcase classname="backend.tests.test_marketing.TestMarketingLeadStep2" name="test_marketing_lead_step2_invalid_lead" time="0.222" /><testcase classname="backend.tests.test_marketing.TestMarketingLeadStep2" name="test_marketing_lead_step2_invalid_plan" time="0.205" /><testcase classname="backend.tests.test_marketing.TestMarketingLeadStep2" name="test_marketing_lead_step2_minimal_fields" time="0.807" /><testcase classname="backend.tests.test_marketing.TestMarketingEnquiry" name="test_create_enquiry_success" time="0.125" /><testcase classname="backend.tests.test_marketing.TestMarketingEnquiry" name="test_create_enquiry_minimal" time="0.111" /><testcase classname="backend.tests.test_marketing.TestMarketingEnquiry" name="test_create_enquiry_missing_message_fails" time="0.099" /><testcase classname="backend.tests.test_marketing.TestMarketingLeadsAdminEndpoint" name="test_get_marketing_leads_authorized" time="0.424" /><testcase classname="backend.tests.test_marketing.TestMarketingLeadsAdminEndpoint" name="test_get_marketing_leads_with_pagination" time="0.464" /><testcase classname="backend.tests.test_marketing.TestMarketingLeadsAdminEndpoint" name="test_get_marketing_leads_with_status_filter" time="0.457" /><testcase classname="backend.tests.test_marketing.TestMarketingLeadsAdminEndpoint" name="test_get_marketing_leads_unauthorized" time="0.106" /><testcase classname="backend.tests.test_marketing.TestEnquiriesAdminEndpoint" name="test_get_enquiries_authorized" time="0.426" /><testcase classname="backend.tests.test_marketing.TestEnquiriesAdminEndpoint" name="test_get_enquiries_with_pagination" time="0.438" /><testcase classname="backend.tests.test_marketing.TestEnquiriesAdminEndpoint" name="test_get_enquiries_unauthorized" time="0.114" /><testcase classname="backend.tests.test_marketing.TestLeadsInRegularEndpoint" name="test_marketing_lead_appears_in_leads" time="0.532" /><testcase classname="backend.tests.test_marketing.TestEnhancedMarketingFeatures" name="test_create_lead_with_country_code" time="0.113" /><testcase classname="backend.tests.test_marketing.TestEnhancedMarketingFeatures" name="test_create_lead_with_uae_country_code" time="0.100" /><testcase classname="backend.tests.test_marketing.TestEnhancedMarketingFeatures" name="test_create_lead_with_us_country_code" time="0.097" /><testcase classname="backend.tests.test_marketing.TestEnhancedMarketingFeatures" name="test_step2_with_state_field" time="0.855" /><testcase classname="backend.tests.test_marketing.TestEnhancedMarketingFeatures" name="test_step2_international_user" time="0.802" /><testcase classname="backend.tests.test_marketing.TestEnhancedMarketingFeatures" name="test_referral_code_stored_correctly" time="0.537" /></testsuite></testsuites>