<?xml version="1.0" encoding="utf-8"?><testsuites name="pytest tests"><testsuite name="pytest" errors="0" failures="0" skipped="0" tests="20" time="6.840" timestamp="2026-03-14T10:56:36.645437+00:00" hostname="agent-env-d12f68f6-0b84-4dd6-a1cc-010c5852dc6e"><testcase classname="backend.tests.test_marketing.TestMarketingLeadStep1" name="test_create_marketing_lead_success" time="0.241" /><testcase classname="backend.tests.test_marketing.TestMarketingLeadStep1" name="test_create_marketing_lead_minimal" time="0.106" /><testcase classname="backend.tests.test_marketing.TestMarketingLeadStep1" name="test_create_marketing_lead_duplicate_mobile_returns_existing" time="0.257" /><testcase classname="backend.tests.test_marketing.TestMarketingLeadStep1" name="test_create_marketing_lead_registered_mobile_fails" time="0.105" /><testcase classname="backend.tests.test_marketing.TestMarketingLeadStep1" name="test_create_marketing_lead_with_referral_code" time="0.102" /><testcase classname="backend.tests.test_marketing.TestMarketingLeadStep2" name="test_marketing_lead_step2_success" time="1.475" /><testcase classname="backend.tests.test_marketing.TestMarketingLeadStep2" name="test_marketing_lead_step2_invalid_lead" time="0.199" /><testcase classname="backend.tests.test_marketing.TestMarketingLeadStep2" name="test_marketing_lead_step2_invalid_plan" time="0.219" /><testcase classname="backend.tests.test_marketing.TestMarketingLeadStep2" name="test_marketing_lead_step2_minimal_fields" time="0.819" /><testcase classname="backend.tests.test_marketing.TestMarketingEnquiry" name="test_create_enquiry_success" time="0.104" /><testcase classname="backend.tests.test_marketing.TestMarketingEnquiry" name="test_create_enquiry_minimal" time="0.104" /><testcase classname="backend.tests.test_marketing.TestMarketingEnquiry" name="test_create_enquiry_missing_message_fails" time="0.111" /><testcase classname="backend.tests.test_marketing.TestMarketingLeadsAdminEndpoint" name="test_get_marketing_leads_authorized" time="0.465" /><testcase classname="backend.tests.test_marketing.TestMarketingLeadsAdminEndpoint" name="test_get_marketing_leads_with_pagination" time="0.466" /><testcase classname="backend.tests.test_marketing.TestMarketingLeadsAdminEndpoint" name="test_get_marketing_leads_with_status_filter" time="0.434" /><testcase classname="backend.tests.test_marketing.TestMarketingLeadsAdminEndpoint" name="test_get_marketing_leads_unauthorized" time="0.095" /><testcase classname="backend.tests.test_marketing.TestEnquiriesAdminEndpoint" name="test_get_enquiries_authorized" time="0.428" /><testcase classname="backend.tests.test_marketing.TestEnquiriesAdminEndpoint" name="test_get_enquiries_with_pagination" time="0.422" /><testcase classname="backend.tests.test_marketing.TestEnquiriesAdminEndpoint" name="test_get_enquiries_unauthorized" time="0.107" /><testcase classname="backend.tests.test_marketing.TestLeadsInRegularEndpoint" name="test_marketing_lead_appears_in_leads" time="0.526" /></testsuite></testsuites>