<?xml version="1.0" encoding="utf-8"?><testsuites name="pytest tests"><testsuite name="pytest" errors="0" failures="0" skipped="0" tests="22" time="7.184" timestamp="2026-03-14T16:16:49.855083+00:00" hostname="agent-env-d12f68f6-0b84-4dd6-a1cc-010c5852dc6e"><testcase classname="backend.tests.test_ui_updates.TestOffersEndpoints" name="test_get_offers_returns_list" time="0.232" /><testcase classname="backend.tests.test_ui_updates.TestOffersEndpoints" name="test_offer_structure" time="0.157" /><testcase classname="backend.tests.test_ui_updates.TestOffersEndpoints" name="test_get_offers_active_filter" time="0.128" /><testcase classname="backend.tests.test_ui_updates.TestOffersEndpoints" name="test_get_single_offer" time="0.322" /><testcase classname="backend.tests.test_ui_updates.TestOffersEndpoints" name="test_get_nonexistent_offer_returns_404" time="0.136" /><testcase classname="backend.tests.test_ui_updates.TestAffiliationsEndpoints" name="test_get_affiliations_returns_list" time="0.148" /><testcase classname="backend.tests.test_ui_updates.TestAffiliationsEndpoints" name="test_get_active_affiliations" time="0.142" /><testcase classname="backend.tests.test_ui_updates.TestAffiliationsEndpoints" name="test_affiliation_enhanced_fields" time="0.147" /><testcase classname="backend.tests.test_ui_updates.TestAffiliationsEndpoints" name="test_get_single_affiliation" time="0.250" /><testcase classname="backend.tests.test_ui_updates.TestGalleryEndpoints" name="test_get_gallery_images" time="0.127" /><testcase classname="backend.tests.test_ui_updates.TestGalleryEndpoints" name="test_gallery_image_structure" time="0.137" /><testcase classname="backend.tests.test_ui_updates.TestBookingSystem" name="test_get_member_bookings_authenticated" time="0.508" /><testcase classname="backend.tests.test_ui_updates.TestBookingSystem" name="test_get_bookings_without_auth_fails" time="0.131" /><testcase classname="backend.tests.test_ui_updates.TestBookingSystem" name="test_create_booking_at_affiliate" time="0.602" /><testcase classname="backend.tests.test_ui_updates.TestBookingSystem" name="test_create_booking_without_auth_fails" time="0.315" /><testcase classname="backend.tests.test_ui_updates.TestBookingSystem" name="test_create_booking_with_invalid_affiliate" time="0.483" /><testcase classname="backend.tests.test_ui_updates.TestMemberLogin" name="test_member_login_with_mobile" time="0.423" /><testcase classname="backend.tests.test_ui_updates.TestMemberLogin" name="test_member_login_with_wrong_password" time="0.390" /><testcase classname="backend.tests.test_ui_updates.TestOffersAdminCRUD" name="test_create_offer_as_admin" time="0.646" /><testcase classname="backend.tests.test_ui_updates.TestOffersAdminCRUD" name="test_create_offer_without_admin_fails" time="0.133" /><testcase classname="backend.tests.test_ui_updates.TestOffersAdminCRUD" name="test_update_offer_as_admin" time="0.885" /><testcase classname="backend.tests.test_ui_updates.TestOffersAdminCRUD" name="test_delete_offer_as_admin" time="0.716" /></testsuite></testsuites>