<?xml version="1.0" encoding="utf-8"?><testsuites name="pytest tests"><testsuite name="pytest" errors="0" failures="0" skipped="0" tests="17" time="10.673" timestamp="2026-03-17T18:56:21.384459+00:00" hostname="agent-env-26120289-85ab-487f-b933-157f4fbc381c"><testcase classname="backend.tests.test_julian_offline_features.TestJulianMemberIDFormat" name="test_julian_id_format_on_member_creation" time="0.826" /><testcase classname="backend.tests.test_julian_offline_features.TestJulianMemberIDFormat" name="test_julian_id_sequential_increment" time="1.240" /><testcase classname="backend.tests.test_julian_offline_features.TestOfflineMemberCreation" name="test_offline_member_creation_basic" time="0.817" /><testcase classname="backend.tests.test_julian_offline_features.TestOfflineMemberCreation" name="test_offline_member_with_personal_details" time="0.942" /><testcase classname="backend.tests.test_julian_offline_features.TestOfflineMemberCreation" name="test_offline_member_duplicate_mobile_rejected" time="0.945" /><testcase classname="backend.tests.test_julian_offline_features.TestOfflineMemberCreation" name="test_offline_member_requires_admin_auth" time="0.162" /><testcase classname="backend.tests.test_julian_offline_features.TestPlanMaintenanceConfiguration" name="test_create_plan_with_maintenance_none" time="0.519" /><testcase classname="backend.tests.test_julian_offline_features.TestPlanMaintenanceConfiguration" name="test_create_plan_with_maintenance_inclusive" time="0.578" /><testcase classname="backend.tests.test_julian_offline_features.TestPlanMaintenanceConfiguration" name="test_create_plan_with_maintenance_value" time="1.242" /><testcase classname="backend.tests.test_julian_offline_features.TestPlanMaintenanceConfiguration" name="test_update_plan_maintenance_config" time="0.858" /><testcase classname="backend.tests.test_julian_offline_features.TestPlanMaintenanceConfiguration" name="test_existing_plans_have_maintenance_fields" time="0.396" /><testcase classname="backend.tests.test_julian_offline_features.TestPaymentVerificationFallback" name="test_payment_verify_endpoint_exists" time="0.466" /><testcase classname="backend.tests.test_julian_offline_features.TestPaymentVerificationFallback" name="test_payment_create_order_endpoint" time="0.397" /><testcase classname="backend.tests.test_julian_offline_features.TestAdminLoginAndNavigation" name="test_admin_login_success" time="0.346" /><testcase classname="backend.tests.test_julian_offline_features.TestAdminLoginAndNavigation" name="test_admin_login_wrong_password" time="0.341" /><testcase classname="backend.tests.test_julian_offline_features.TestAdminLoginAndNavigation" name="test_admin_can_access_members" time="0.415" /><testcase classname="backend.tests.test_julian_offline_features.TestAdminLoginAndNavigation" name="test_admin_can_access_plans" time="0.154" /></testsuite></testsuites>