<?xml version="1.0" encoding="utf-8"?><testsuites name="pytest tests"><testsuite name="pytest" errors="0" failures="0" skipped="0" tests="14" time="3.645" timestamp="2026-03-09T21:31:38.616453+00:00" hostname="agent-env-e13a0caf-931e-40fc-bfeb-1ddcdc351bfd"><testcase classname="backend.tests.test_api.TestAuthEndpoints" name="test_member_login_success" time="0.453" /><testcase classname="backend.tests.test_api.TestAuthEndpoints" name="test_admin_login_success" time="0.322" /><testcase classname="backend.tests.test_api.TestAuthEndpoints" name="test_login_invalid_credentials" time="0.109" /><testcase classname="backend.tests.test_api.TestAuthEndpoints" name="test_login_missing_fields" time="0.101" /><testcase classname="backend.tests.test_api.TestPublicEndpoints" name="test_plans_list_public" time="0.101" /><testcase classname="backend.tests.test_api.TestPublicEndpoints" name="test_partners_list_public" time="0.113" /><testcase classname="backend.tests.test_api.TestPWAAssets" name="test_manifest_accessible" time="0.109" /><testcase classname="backend.tests.test_api.TestPWAAssets" name="test_service_worker_accessible" time="0.409" /><testcase classname="backend.tests.test_api.TestPWAAssets" name="test_pwa_icons_accessible" time="0.241" /><testcase classname="backend.tests.test_api.TestLeadSubmission" name="test_lead_submission_success" time="0.151" /><testcase classname="backend.tests.test_api.TestLeadSubmission" name="test_lead_submission_missing_required_fields" time="0.105" /><testcase classname="backend.tests.test_api.TestProtectedEndpoints" name="test_member_data_access" time="0.468" /><testcase classname="backend.tests.test_api.TestProtectedEndpoints" name="test_admin_dashboard_stats_access" time="0.489" /><testcase classname="backend.tests.test_api.TestProtectedEndpoints" name="test_unauthorized_admin_access" time="0.442" /></testsuite></testsuites>