<?xml version="1.0" encoding="utf-8"?><testsuites name="pytest tests"><testsuite name="pytest" errors="0" failures="0" skipped="0" tests="24" time="10.583" timestamp="2026-03-14T00:57:17.130692+00:00" hostname="agent-env-a3c19f7f-b056-47f1-8d4a-714597b2d4ba"><testcase classname="tests.test_api.TestAuthEndpoints" name="test_member_login_success" time="0.397" /><testcase classname="tests.test_api.TestAuthEndpoints" name="test_admin_login_success" time="0.341" /><testcase classname="tests.test_api.TestAuthEndpoints" name="test_login_invalid_credentials" time="0.134" /><testcase classname="tests.test_api.TestAuthEndpoints" name="test_login_missing_fields" time="0.133" /><testcase classname="tests.test_api.TestPublicEndpoints" name="test_plans_list_public" time="0.122" /><testcase classname="tests.test_api.TestPublicEndpoints" name="test_partners_list_public" time="0.122" /><testcase classname="tests.test_api.TestPWAAssets" name="test_manifest_accessible" time="0.118" /><testcase classname="tests.test_api.TestPWAAssets" name="test_service_worker_accessible" time="0.108" /><testcase classname="tests.test_api.TestPWAAssets" name="test_pwa_icons_accessible" time="0.266" /><testcase classname="tests.test_api.TestLeadSubmission" name="test_lead_submission_success" time="0.103" /><testcase classname="tests.test_api.TestLeadSubmission" name="test_lead_submission_missing_required_fields" time="0.110" /><testcase classname="tests.test_api.TestProtectedEndpoints" name="test_member_data_access" time="0.502" /><testcase classname="tests.test_api.TestProtectedEndpoints" name="test_admin_dashboard_stats_access" time="0.463" /><testcase classname="tests.test_api.TestProtectedEndpoints" name="test_unauthorized_admin_access" time="0.452" /><testcase classname="tests.test_api.TestPlanCRUD" name="test_create_plan_success" time="0.760" /><testcase classname="tests.test_api.TestPlanCRUD" name="test_update_plan_success" time="0.806" /><testcase classname="tests.test_api.TestPlanCRUD" name="test_delete_plan_success" time="0.698" /><testcase classname="tests.test_api.TestPlanCRUD" name="test_create_plan_unauthorized" time="0.438" /><testcase classname="tests.test_api.TestRazorpayIntegration" name="test_create_razorpay_order" time="1.386" /><testcase classname="tests.test_api.TestRazorpayIntegration" name="test_create_order_with_different_amounts" time="1.876" /><testcase classname="tests.test_api.TestMemberPhotoUpload" name="test_photo_upload_requires_auth" time="0.110" /><testcase classname="tests.test_api.TestMemberPhotoUpload" name="test_photo_upload_member_not_found" time="0.451" /><testcase classname="tests.test_api.TestMemberPhotoUpload" name="test_photo_upload_invalid_file_type" time="0.451" /><testcase classname="tests.test_api.TestMemberPhotoUpload" name="test_photo_endpoint_returns_404_for_missing_photo" time="0.175" /></testsuite></testsuites>