<?xml version="1.0" encoding="utf-8"?><testsuites name="pytest tests"><testsuite name="pytest" errors="0" failures="0" skipped="0" tests="20" time="6.345" timestamp="2026-03-17T13:10:45.635677+00:00" hostname="agent-env-1d3676d9-01b7-4320-90f2-db7299037579"><testcase classname="backend.tests.test_registration_flow.TestRegistrationFlowStep1" name="test_create_lead_success" time="0.227" /><testcase classname="backend.tests.test_registration_flow.TestRegistrationFlowStep1" name="test_create_lead_with_referral_code" time="0.135" /><testcase classname="backend.tests.test_registration_flow.TestRegistrationFlowStep1" name="test_create_lead_without_email" time="0.143" /><testcase classname="backend.tests.test_registration_flow.TestRegistrationFlowStep1" name="test_create_lead_missing_name_fails" time="0.144" /><testcase classname="backend.tests.test_registration_flow.TestRegistrationFlowStep1" name="test_create_lead_missing_mobile_fails" time="0.113" /><testcase classname="backend.tests.test_registration_flow.TestRegistrationFlowStep2" name="test_step2_initiates_razorpay_order" time="1.316" /><testcase classname="backend.tests.test_registration_flow.TestRegistrationFlowStep2" name="test_step2_with_invalid_lead_fails" time="0.191" /><testcase classname="backend.tests.test_registration_flow.TestRegistrationFlowStep2" name="test_step2_with_invalid_plan_fails" time="0.189" /><testcase classname="backend.tests.test_registration_flow.TestLoginFlow" name="test_member_login_with_mobile" time="0.350" /><testcase classname="backend.tests.test_registration_flow.TestLoginFlow" name="test_member_login_with_member_id" time="0.633" /><testcase classname="backend.tests.test_registration_flow.TestLoginFlow" name="test_admin_login" time="0.331" /><testcase classname="backend.tests.test_registration_flow.TestLoginFlow" name="test_invalid_credentials_fail" time="0.137" /><testcase classname="backend.tests.test_registration_flow.TestMemberEndpoints" name="test_get_member_profile" time="0.393" /><testcase classname="backend.tests.test_registration_flow.TestMemberEndpoints" name="test_get_member_card" time="0.465" /><testcase classname="backend.tests.test_registration_flow.TestMemberEndpoints" name="test_get_member_payments" time="0.669" /><testcase classname="backend.tests.test_registration_flow.TestPlansEndpoint" name="test_get_active_plans" time="0.134" /><testcase classname="backend.tests.test_registration_flow.TestPlansEndpoint" name="test_plans_have_features" time="0.099" /><testcase classname="backend.tests.test_registration_flow.TestPartnersEndpoint" name="test_get_active_partners" time="0.113" /><testcase classname="backend.tests.test_registration_flow.TestBookingsEndpoint" name="test_get_member_bookings" time="0.385" /><testcase classname="backend.tests.test_registration_flow.TestDuplicateMobileHandling" name="test_duplicate_lead_handling" time="0.112" /></testsuite></testsuites>